---- light / ericw-tools v0.18.1 ----
Raytracing backend: Embree
running with 8 threads
LoadBSPFile: 'LayeredReality.bsp'
BSP is version 29
--- LoadEntities ---
64 entities read, 4 are lights.
--- OptionsSummary ---
    "light" was set to "150.000000" from map
Embree_TraceInit: Embree version: 2.15.0
Embree_TraceInit:
	0 sky faces
	2833 solid faces
	0 filtered faces
	0 shadow-casting skip faces
SetupLights: 4 initial lights
SetupLights: 4 after surface lights
SetupLights: 4 after jittering
--- EstimateLightVisibility ---
0....1....2....3....4....5....6....7..
Final count: 4 lights 0 suns in use.
--- LightWorld ---
0....1....2....3....4....5....6....7....8....9....
Lighting Completed.

lightdatasize: 249792
0 switchable light styles (32 max)
Writing LayeredReality.bsp as BSP version 29
0.321 seconds elapsed

stats:
0.044360 lights tested, 0.027468 hits per sample point
0.000000 bounce lights tested, 0.000000 hits per sample point
0 empty lightmaps
